This is LuaTeX, Version beta-0.80.0 (TeX Live 2015) (rev 5238)  (format=lualatex 2015.5.24)  4 DEC 2017 19:08
 restricted \write18 enabled.
 file:line:error style messages enabled.
**main.tex
(./main.tex
LaTeX2e <2015/01/01>
Babel <3.9l> and hyphenation patterns for 79 languages loaded.
(/usr/local/texlive/2015/texmf-dist/tex/latex/base/report.cls
Document Class: report 2014/09/29 v1.4h Standard LaTeX document class
(/usr/local/texlive/2015/texmf-dist/tex/latex/base/size12.clo
File: size12.clo 2014/09/29 v1.4h Standard LaTeX file (size option)
)
\c@part=\count79
\c@chapter=\count80
\c@section=\count81
\c@subsection=\count82
\c@subsubsection=\count83
\c@paragraph=\count84
\c@subparagraph=\count85
\c@figure=\count86
\c@table=\count87
\abovecaptionskip=\skip41
\belowcaptionskip=\skip42
\bibindent=\dimen102
)
(/usr/local/texlive/2015/texmf-dist/tex/latex/geometry/geometry.sty
Package: geometry 2010/09/12 v5.6 Page Geometry

(/usr/local/texlive/2015/texmf-dist/tex/latex/graphics/keyval.sty
Package: keyval 2014/10/28 v1.15 key=value parser (DPC)
\KV@toks@=\toks14
)
(/usr/local/texlive/2015/texmf-dist/tex/generic/oberdiek/ifpdf.sty
Package: ifpdf 2011/01/30 v2.3 Provides the ifpdf switch (HO)
Package ifpdf Info: pdfTeX in PDF mode is detected.
)
(/usr/local/texlive/2015/texmf-dist/tex/generic/oberdiek/ifvtex.sty
Package: ifvtex 2010/03/01 v1.5 Detect VTeX and its facilities (HO)
Package ifvtex Info: VTeX not detected.
)
(/usr/local/texlive/2015/texmf-dist/tex/generic/ifxetex/ifxetex.sty
Package: ifxetex 2010/09/12 v0.6 Provides ifxetex conditional
)
\Gm@cnth=\count88
\Gm@cntv=\count89
\c@Gm@tempcnt=\count90
\Gm@bindingoffset=\dimen103
\Gm@wd@mp=\dimen104
\Gm@odd@mp=\dimen105
\Gm@even@mp=\dimen106
\Gm@layoutwidth=\dimen107
\Gm@layoutheight=\dimen108
\Gm@layouthoffset=\dimen109
\Gm@layoutvoffset=\dimen110
\Gm@dimlist=\toks15
)
(/usr/local/texlive/2015/texmf-dist/tex/latex/base/inputenc.sty
Package: inputenc 2015/03/17 v1.2c Input encoding file
\inpenc@prehook=\toks16
\inpenc@posthook=\toks17


Package inputenc Warning: inputenc package ignored with utf8 based engines.

) (/usr/local/texlive/2015/texmf-dist/tex/latex/setspace/setspace.sty
Package: setspace 2011/12/19 v6.7a set line spacing
)
(./hyphenat.sty
Package: hyphenat 2009/09/02 v2.3c hyphenation utilities
\langwohyphens=\language80
LaTeX Info: Redefining \_ on input line 43.
)
(/usr/local/texlive/2015/texmf-dist/tex/latex/fancyhdr/fancyhdr.sty
\fancy@headwidth=\skip43
\f@ncyO@elh=\skip44
\f@ncyO@erh=\skip45
\f@ncyO@olh=\skip46
\f@ncyO@orh=\skip47
\f@ncyO@elf=\skip48
\f@ncyO@erf=\skip49
\f@ncyO@olf=\skip50
\f@ncyO@orf=\skip51
)
(/usr/local/texlive/2015/texmf-dist/tex/latex/mathtools/mathtools.sty
Package: mathtools 2015/05/11 v1.16 mathematical typesetting tools

(/usr/local/texlive/2015/texmf-dist/tex/latex/tools/calc.sty
Package: calc 2014/10/28 v4.3 Infix arithmetic (KKT,FJ)
\calc@Acount=\count91
\calc@Bcount=\count92
\calc@Adimen=\dimen111
\calc@Bdimen=\dimen112
\calc@Askip=\skip52
\calc@Bskip=\skip53
LaTeX Info: Redefining \setlength on input line 80.
LaTeX Info: Redefining \addtolength on input line 81.
\calc@Ccount=\count93
\calc@Cskip=\skip54
)
(/usr/local/texlive/2015/texmf-dist/tex/latex/mathtools/mhsetup.sty
Package: mhsetup 2010/01/21 v1.2a programming setup (MH)
)
(/usr/local/texlive/2015/texmf-dist/tex/latex/amsmath/amsmath.sty
Package: amsmath 2013/01/14 v2.14 AMS math features
\@mathmargin=\skip55

For additional information on amsmath, use the `?' option.
(/usr/local/texlive/2015/texmf-dist/tex/latex/amsmath/amstext.sty
Package: amstext 2000/06/29 v2.01

(/usr/local/texlive/2015/texmf-dist/tex/latex/amsmath/amsgen.sty
File: amsgen.sty 1999/11/30 v2.0
\@emptytoks=\toks18
\ex@=\dimen113
))
(/usr/local/texlive/2015/texmf-dist/tex/latex/amsmath/amsbsy.sty
Package: amsbsy 1999/11/29 v1.2d
\pmbraise@=\dimen114
)
(/usr/local/texlive/2015/texmf-dist/tex/latex/amsmath/amsopn.sty
Package: amsopn 1999/12/14 v2.01 operator names
)
\inf@bad=\count94
LaTeX Info: Redefining \frac on input line 210.
\uproot@=\count95
\leftroot@=\count96
LaTeX Info: Redefining \overline on input line 306.
\classnum@=\count97
\DOTSCASE@=\count98
LaTeX Info: Redefining \ldots on input line 378.
LaTeX Info: Redefining \dots on input line 381.
LaTeX Info: Redefining \cdots on input line 466.
\Mathstrutbox@=\box26
\strutbox@=\box27
\big@size=\dimen115
LaTeX Font Info:    Redeclaring font encoding OML on input line 566.
LaTeX Font Info:    Redeclaring font encoding OMS on input line 567.
\macc@depth=\count99
\c@MaxMatrixCols=\count100
\dotsspace@=\muskip10
\c@parentequation=\count101
\dspbrk@lvl=\count102
\tag@help=\toks19
\row@=\count103
\column@=\count104
\maxfields@=\count105
\andhelp@=\toks20
\eqnshift@=\dimen116
\alignsep@=\dimen117
\tagshift@=\dimen118
\tagwidth@=\dimen119
\totwidth@=\dimen120
\lineht@=\dimen121
\@envbody=\toks21
\multlinegap=\skip56
\multlinetaggap=\skip57
\mathdisplay@stack=\toks22
LaTeX Info: Redefining \[ on input line 2665.
LaTeX Info: Redefining \] on input line 2666.
)
LaTeX Info: Thecontrolsequence`\('isalreadyrobust on input line 129.
LaTeX Info: Thecontrolsequence`\)'isalreadyrobust on input line 129.
LaTeX Info: Thecontrolsequence`\['isalreadyrobust on input line 129.
LaTeX Info: Thecontrolsequence`\]'isalreadyrobust on input line 129.
\g_MT_multlinerow_int=\count106
\l_MT_multwidth_dim=\dimen122
\origjot=\skip58
\l_MT_shortvdotswithinadjustabove_dim=\dimen123
\l_MT_shortvdotswithinadjustbelow_dim=\dimen124
\l_MT_above_intertext_sep=\dimen125
\l_MT_below_intertext_sep=\dimen126
\l_MT_above_shortintertext_sep=\dimen127
\l_MT_below_shortintertext_sep=\dimen128
)
(./algorithm2e.sty
Package: algorithm2e 2013/01/06 v5.00 algorithms environments
\c@AlgoLine=\count107

(/usr/local/texlive/2015/texmf-dist/tex/latex/base/ifthen.sty
Package: ifthen 2014/09/29 v1.1c Standard LaTeX ifthen package (DPC)
)
(/usr/local/texlive/2015/texmf-dist/tex/latex/tools/xspace.sty
Package: xspace 2014/10/28 v1.13 Space after command names (DPC,MH)
) (./relsize.sty
Package: relsize 2013/03/29 ver 4.1
)
********************************************************
Package `algorithm2e' Release 5.0 -- january 06 2013 --
- algorithm2e-announce@lirmm.fr mailing list for announcement about releases
- algorithm2e-discussion@lirmm.fr mailing list for discussion about package
subscribe by emailing sympa@lirmm.fr with 'subscribe <list> <firstname name>'
- Author: Christophe Fiorio (cfiorio@um2.fr)
********************************************************
\skiptotal=\skip59
\skiplinenumber=\skip60
\skiprule=\skip61
\skiphlne=\skip62
\skiptext=\skip63
\skiplength=\skip64
\algomargin=\skip65
\skipalgocfslide=\skip66
\algowidth=\dimen129
\inoutsize=\dimen130
\inoutindent=\dimen131
\interspacetitleruled=\dimen132
\interspacealgoruled=\dimen133
\interspacetitleboxruled=\dimen134
\algocf@inoutbox=\box28
\algocf@inputbox=\box29
\AlCapSkip=\skip67
\AlCapHSkip=\skip68
\algoskipindent=\skip69
\algocf@nlbox=\box30
\algocf@hangingbox=\box31
\algocf@untilbox=\box32
\algocf@skipuntil=\skip70
\algocf@capbox=\box33
\algoheightruledefault=\skip71
\algoheightrule=\skip72
\algotitleheightruledefault=\skip73
\algotitleheightrule=\skip74
\c@algocfline=\count108
\c@algocfproc=\count109
\c@algocf=\count110
\algocf@algoframe=\box34
\algocf@algobox=\box35
) (/usr/local/texlive/2015/texmf-dist/tex/latex/graphics/graphicx.sty
Package: graphicx 2014/10/28 v1.0g Enhanced LaTeX Graphics (DPC,SPQR)

(/usr/local/texlive/2015/texmf-dist/tex/latex/graphics/graphics.sty
Package: graphics 2014/10/28 v1.0p Standard LaTeX Graphics (DPC,SPQR)

(/usr/local/texlive/2015/texmf-dist/tex/latex/graphics/trig.sty
Package: trig 1999/03/16 v1.09 sin cos tan (DPC)
)
(/usr/local/texlive/2015/texmf-dist/tex/latex/latexconfig/graphics.cfg
File: graphics.cfg 2010/04/23 v1.9 graphics configuration of TeX Live
)
Package graphics Info: Driver file: pdftex.def on input line 94.

(/usr/local/texlive/2015/texmf-dist/tex/latex/pdftex-def/pdftex.def
File: pdftex.def 2011/05/27 v0.06d Graphics/color for pdfTeX

(/usr/local/texlive/2015/texmf-dist/tex/generic/oberdiek/infwarerr.sty
Package: infwarerr 2010/04/08 v1.3 Providing info/warning/error messages (HO)
)
(/usr/local/texlive/2015/texmf-dist/tex/generic/oberdiek/ltxcmds.sty
Package: ltxcmds 2011/11/09 v1.22 LaTeX kernel commands for general use (HO)
)
\Gread@gobject=\count111
))
\Gin@req@height=\dimen135
\Gin@req@width=\dimen136
)
(./main.aux)
\openout1 = main.aux

LaTeX Font Info:    Checking defaults for OML/cmm/m/it on input line 29.
LaTeX Font Info:    ... okay on input line 29.
LaTeX Font Info:    Checking defaults for T1/cmr/m/n on input line 29.
LaTeX Font Info:    ... okay on input line 29.
LaTeX Font Info:    Checking defaults for OT1/cmr/m/n on input line 29.
LaTeX Font Info:    ... okay on input line 29.
LaTeX Font Info:    Checking defaults for OMS/cmsy/m/n on input line 29.
LaTeX Font Info:    ... okay on input line 29.
LaTeX Font Info:    Checking defaults for OMX/cmex/m/n on input line 29.
LaTeX Font Info:    ... okay on input line 29.
LaTeX Font Info:    Checking defaults for U/cmr/m/n on input line 29.
LaTeX Font Info:    ... okay on input line 29.

*geometry* driver: auto-detecting
*geometry* detected driver: pdftex
*geometry* verbose mode - [ preamble ] result:
* driver: pdftex
* paper: a4paper
* layout: <same size as paper>
* layoutoffset:(h,v)=(0.0pt,0.0pt)
* modes: 
* h-part:(L,W,R)=(108.405pt, 416.83289pt, 72.26999pt)
* v-part:(T,H,B)=(72.26999pt, 700.50687pt, 72.26999pt)
* \paperwidth=597.50787pt
* \paperheight=845.04684pt
* \textwidth=416.83289pt
* \textheight=700.50687pt
* \oddsidemargin=36.13501pt
* \evensidemargin=36.13501pt
* \topmargin=-37.0pt
* \headheight=12.0pt
* \headsep=25.0pt
* \topskip=12.0pt
* \footskip=30.0pt
* \marginparwidth=44.0pt
* \marginparsep=10.0pt
* \columnsep=10.0pt
* \skip\footins=10.8pt plus 4.0pt minus 2.0pt
* \hoffset=0.0pt
* \voffset=0.0pt
* \mag=1000
* \@twocolumnfalse
* \@twosidefalse
* \@mparswitchfalse
* \@reversemarginfalse
* (1in=72.27pt=25.4mm, 1cm=28.453pt)

(/usr/local/texlive/2015/texmf-dist/tex/context/base/supp-pdf.mkii
[Loading MPS to PDF converter (version 2006.09.02).]
\scratchcounter=\count112
\scratchdimen=\dimen137
\scratchbox=\box36
\nofMPsegments=\count113
\nofMParguments=\count114
\everyMPshowfont=\toks23
\MPscratchCnt=\count115
\MPscratchDim=\dimen138
\MPnumerator=\count116
\makeMPintoPDFobject=\count117
\everyMPtoPDFconversion=\toks24
) (/usr/local/texlive/2015/texmf-dist/tex/generic/oberdiek/pdftexcmds.sty
Package: pdftexcmds 2011/11/29 v0.20 Utility functions of pdfTeX for LuaTeX (HO)


(/usr/local/texlive/2015/texmf-dist/tex/generic/oberdiek/ifluatex.sty
Package: ifluatex 2010/03/01 v1.3 Provides the ifluatex switch (HO)
Package ifluatex Info: LuaTeX detected.
)
Package pdftexcmds Info: \pdf@primitive is available.
Package pdftexcmds Info: \pdf@ifprimitive is available.
Package pdftexcmds Info: \pdfdraftmode found.

(/usr/local/texlive/2015/texmf-dist/tex/generic/oberdiek/luatex-loader.sty
Package: luatex-loader 2010/03/09 v0.4 Lua module loader (HO)

(/usr/local/texlive/2015/texmf-dist/scripts/oberdiek/oberdiek.luatex.lua))
\pdftexcmds@toks=\toks25
)
(/usr/local/texlive/2015/texmf-dist/tex/latex/oberdiek/epstopdf-base.sty
Package: epstopdf-base 2010/02/09 v2.5 Base part for package epstopdf

(/usr/local/texlive/2015/texmf-dist/tex/latex/oberdiek/grfext.sty
Package: grfext 2010/08/19 v1.1 Manage graphics extensions (HO)

(/usr/local/texlive/2015/texmf-dist/tex/generic/oberdiek/kvdefinekeys.sty
Package: kvdefinekeys 2011/04/07 v1.3 Define keys (HO)
))
(/usr/local/texlive/2015/texmf-dist/tex/latex/oberdiek/kvoptions.sty
Package: kvoptions 2011/06/30 v3.11 Key value format for package options (HO)

(/usr/local/texlive/2015/texmf-dist/tex/generic/oberdiek/kvsetkeys.sty
Package: kvsetkeys 2012/04/25 v1.16 Key value parser (HO)

(/usr/local/texlive/2015/texmf-dist/tex/generic/oberdiek/etexcmds.sty
Package: etexcmds 2011/02/16 v1.5 Avoid name clashes with e-TeX commands (HO)
)))
Package grfext Info: Graphics extension search list:
(grfext)             [.png,.pdf,.jpg,.mps,.tif,.jpeg,.PNG,.PDF,.JPG,.JPEG,.eps]
(grfext)             \AppendGraphicsExtensions on input line 452.

(/usr/local/texlive/2015/texmf-dist/tex/latex/latexconfig/epstopdf-sys.cfg
File: epstopdf-sys.cfg 2010/07/13 v1.3 Configuration of (r)epstopdf for TeX Live

))
[1

{/usr/local/texlive/2015/texmf-var/fonts/map/pdftex/updmap/pdftex.map}]
[1

] (./chapters/abstract.tex) [2

]

Package Fancyhdr Warning: \headheight is too small (12.0pt): 
 Make it at least 14.49998pt.
 We now make it that large for the rest of the document.
 This may cause the page layout to be inconsistent, however.

[3] (./main.toc
Overfull \hbox (18.75586pt too wide) in paragraph at lines 9--9
 [][] []\OT1/cmr/bx/n/12 Gen-eral Method-ol-ogy: Deep Gen-er-a-tive Stochas-tic
 Net-works (GSN) []  
 []

[4

])
\tf@toc=\write3

\openout3 = main.toc


Package Fancyhdr Warning: \headheight is too small (12.0pt): 
 Make it at least 14.49998pt.
 We now make it that large for the rest of the document.
 This may cause the page layout to be inconsistent, however.

[5] (./main.lof)
\tf@lof=\write4

\openout4 = main.lof
 [6

]

Package Fancyhdr Warning: \headheight is too small (12.0pt): 
 Make it at least 14.49998pt.
 We now make it that large for the rest of the document.
 This may cause the page layout to be inconsistent, however.

[7] (./main.lot)
\tf@lot=\write5

\openout5 = main.lot
 [8

]
Chapter 1.
(./chapters/introduction.tex [1

]
LaTeX Font Info:    Try loading font information for OMS+cmr on input line 7.

(/usr/local/texlive/2015/texmf-dist/tex/latex/base/omscmr.fd
File: omscmr.fd 2014/09/29 v2.5h Standard LaTeX font definitions
)
LaTeX Font Info:    Font shape `OMS/cmr/m/n' in size <12> not available
(Font)              Font shape `OMS/cmsy/m/n' tried instead on input line 7.
)

Package Fancyhdr Warning: \headheight is too small (12.0pt): 
 Make it at least 14.49998pt.
 We now make it that large for the rest of the document.
 This may cause the page layout to be inconsistent, however.

[2]
Chapter 2.
(./chapters/related_work.tex [3

])

Package Fancyhdr Warning: \headheight is too small (12.0pt): 
 Make it at least 14.49998pt.
 We now make it that large for the rest of the document.
 This may cause the page layout to be inconsistent, however.

[4]

Package Fancyhdr Warning: \headheight is too small (12.0pt): 
 Make it at least 14.49998pt.
 We now make it that large for the rest of the document.
 This may cause the page layout to be inconsistent, however.

[5]
Chapter 3.
(./chapters/background.tex
Underfull \hbox (badness 10000) in paragraph at lines 4--4
[][][]\OT1/cmr/m/n/10 http://www.tech-nol-o-gyre-view.com/news/519411/facebook-
launches-advanced-ai-effort-to-
 []

[6

] <images/neural_net.png, id=60, 404.2302pt x 252.4632pt>
File: images/neural_net.png Graphic file (type png)

<use images/neural_net.png>
Package pdftex.def Info: images/neural_net.png used on input line 12.
(pdftex.def)             Requested size: 250.10226pt x 156.20581pt.


Package Fancyhdr Warning: \headheight is too small (12.0pt): 
 Make it at least 14.49998pt.
 We now make it that large for the rest of the document.
 This may cause the page layout to be inconsistent, however.

[7<./images/neural_net.png>]
<images/pca.png, id=65, 336.50719pt x 371.13657pt>
File: images/pca.png Graphic file (type png)
 <use images/pca.png>
Package pdftex.def Info: images/pca.png used on input line 28.
(pdftex.def)             Requested size: 270.93883pt x 298.82376pt.

Underfull \hbox (badness 10000) in paragraph at lines 31--31
[][][]\OT1/cmr/m/n/10 http://www.simafore.com/Por-tals/64283/im-ages/principal-
component-analysis-simple-
 []


Package Fancyhdr Warning: \headheight is too small (12.0pt): 
 Make it at least 14.49998pt.
 We now make it that large for the rest of the document.
 This may cause the page layout to be inconsistent, however.

[8<./images/pca.png>]
Overfull \hbox (3.19498pt too wide) in paragraph at lines 37--37
[][]\OT1/cmr/bx/n/14.4 Prob-a-bilis-tic mod-els: Re-stricted Boltz-mann Ma-chin
e
 []


Package Fancyhdr Warning: \headheight is too small (12.0pt): 
 Make it at least 14.49998pt.
 We now make it that large for the rest of the document.
 This may cause the page layout to be inconsistent, however.

[9] <images/restricted_boltzmann.png, id=73, 225.4824pt x 242.3454pt>
File: images/restricted_boltzmann.png Graphic file (type png)

<use images/restricted_boltzmann.png>
Package pdftex.def Info: images/restricted_boltzmann.png used on input line 55.
(pdftex.def)             Requested size: 166.7306pt x 179.20705pt.

<images/stacked_rbm.png, id=74, 227.4096pt x 324.2514pt>
File: images/stacked_rbm.png Graphic file (type png)

<use images/stacked_rbm.png>
Package pdftex.def Info: images/stacked_rbm.png used on input line 67.
(pdftex.def)             Requested size: 83.3653pt x 118.86285pt.


LaTeX Warning: `!h' float specifier changed to `!ht'.


Package Fancyhdr Warning: \headheight is too small (12.0pt): 
 Make it at least 14.49998pt.
 We now make it that large for the rest of the document.
 This may cause the page layout to be inconsistent, however.

[10<./images/restricted_boltzmann.png>]

Package Fancyhdr Warning: \headheight is too small (12.0pt): 
 Make it at least 14.49998pt.
 We now make it that large for the rest of the document.
 This may cause the page layout to be inconsistent, however.

[11<./images/stacked_rbm.png>]
<images/stacked_autoencoder.png, id=84, 625.3764pt x 151.767pt>
File: images/stacked_autoencoder.png Graphic file (type png)

<use images/stacked_autoencoder.png>
Package pdftex.def Info: images/stacked_autoencoder.png used on input line 94.
(pdftex.def)             Requested size: 333.46758pt x 80.92937pt.


Package Fancyhdr Warning: \headheight is too small (12.0pt): 
 Make it at least 14.49998pt.
 We now make it that large for the rest of the document.
 This may cause the page layout to be inconsistent, however.

[12<./images/stacked_autoencoder.png>]

LaTeX Warning: `!h' float specifier changed to `!ht'.

)

Package Fancyhdr Warning: \headheight is too small (12.0pt): 
 Make it at least 14.49998pt.
 We now make it that large for the rest of the document.
 This may cause the page layout to be inconsistent, however.

[13]

Package Fancyhdr Warning: \headheight is too small (12.0pt): 
 Make it at least 14.49998pt.
 We now make it that large for the rest of the document.
 This may cause the page layout to be inconsistent, however.

[14]
Chapter 4.
(./chapters/general_methodology.tex [15

]

Package Fancyhdr Warning: \headheight is too small (12.0pt): 
 Make it at least 14.49998pt.
 We now make it that large for the rest of the document.
 This may cause the page layout to be inconsistent, however.

[16] <images/gsn_computational_graph.png, id=103, 387.3672pt x 135.3858pt>
File: images/gsn_computational_graph.png Graphic file (type png)

<use images/gsn_computational_graph.png>
Package pdftex.def Info: images/gsn_computational_graph.png used on input line 3
6.
(pdftex.def)             Requested size: 250.10226pt x 87.41096pt.

Overfull \hbox (8.8535pt too wide) in paragraph at lines 39--40
[][]\OT1/cmr/m/n/12 The la-tent state vari-able $\OML/cmm/m/it/12 H$ \OT1/cmr/m
/n/12 can be equiv-a-lently de-fined as $\OML/cmm/m/it/12 H[] \OT1/cmr/m/n/12 =
 \OML/cmm/m/it/12 f[]\OT1/cmr/m/n/12 (\OML/cmm/m/it/12 X[]; Z[]; H[]\OT1/cmr/m/
n/12 )$,
 []

<images/gsn_markov_chain.png, id=104, 645.1302pt x 262.581pt>
File: images/gsn_markov_chain.png Graphic file (type png)

<use images/gsn_markov_chain.png>
Package pdftex.def Info: images/gsn_markov_chain.png used on input line 45.
(pdftex.def)             Requested size: 333.46758pt x 135.72552pt.


Package Fancyhdr Warning: \headheight is too small (12.0pt): 
 Make it at least 14.49998pt.
 We now make it that large for the rest of the document.
 This may cause the page layout to be inconsistent, however.

[17<./images/gsn_computational_graph.png><./images/gsn_markov_chain.png>]
<images/mixing_problem.png, id=111, 680.5425pt x 437.38406pt>
File: images/mixing_problem.png Graphic file (type png)

<use images/mixing_problem.png>
Package pdftex.def Info: images/mixing_problem.png used on input line 59.
(pdftex.def)             Requested size: 416.83289pt x 267.8984pt.


Package Fancyhdr Warning: \headheight is too small (12.0pt): 
 Make it at least 14.49998pt.
 We now make it that large for the rest of the document.
 This may cause the page layout to be inconsistent, however.

[18<./images/mixing_problem.png>])

Package Fancyhdr Warning: \headheight is too small (12.0pt): 
 Make it at least 14.49998pt.
 We now make it that large for the rest of the document.
 This may cause the page layout to be inconsistent, however.

[19]
Chapter 5.
(./chapters/model1.tex [20

]
<images/gsn_samples.png, id=121, 562.1pt x 562.1pt>
File: images/gsn_samples.png Graphic file (type png)

<use images/gsn_samples.png>
Package pdftex.def Info: images/gsn_samples.png used on input line 16.
(pdftex.def)             Requested size: 333.46758pt x 333.46301pt.


Package Fancyhdr Warning: \headheight is too small (12.0pt): 
 Make it at least 14.49998pt.
 We now make it that large for the rest of the document.
 This may cause the page layout to be inconsistent, however.

[21<./images/gsn_samples.png>]

LaTeX Warning: `!h' float specifier changed to `!ht'.


Package Fancyhdr Warning: \headheight is too small (12.0pt): 
 Make it at least 14.49998pt.
 We now make it that large for the rest of the document.
 This may cause the page layout to be inconsistent, however.

[22] <images/story1_reconstruction.png, id=129, 1124.2pt x 320.19624pt>
File: images/story1_reconstruction.png Graphic file (type png)

<use images/story1_reconstruction.png>
Package pdftex.def Info: images/story1_reconstruction.png used on input line 58.

(pdftex.def)             Requested size: 416.83289pt x 118.71992pt.


LaTeX Warning: `!h' float specifier changed to `!ht'.

<images/average_mnist_train.png, id=130, 281.05pt x 28.105pt>
File: images/average_mnist_train.png Graphic file (type png)

<use images/average_mnist_train.png>
Package pdftex.def Info: images/average_mnist_train.png used on input line 64.
(pdftex.def)             Requested size: 208.41644pt x 20.84152pt.


LaTeX Warning: `!h' float specifier changed to `!ht'.

<images/story1_samples_100.png, id=131, 562.1pt x 562.1pt>
File: images/story1_samples_100.png Graphic file (type png)

<use images/story1_samples_100.png>
Package pdftex.def Info: images/story1_samples_100.png used on input line 73.
(pdftex.def)             Requested size: 333.46758pt x 333.46301pt.
)

Package Fancyhdr Warning: \headheight is too small (12.0pt): 
 Make it at least 14.49998pt.
 We now make it that large for the rest of the document.
 This may cause the page layout to be inconsistent, however.

[23]

Package Fancyhdr Warning: \headheight is too small (12.0pt): 
 Make it at least 14.49998pt.
 We now make it that large for the rest of the document.
 This may cause the page layout to be inconsistent, however.

[24<./images/story1_reconstruction.png><./images/average_mnist_train.png><./imag
es/story1_samples_100.png>]
Chapter 6.
(./chapters/model2.tex [25

]

Package Fancyhdr Warning: \headheight is too small (12.0pt): 
 Make it at least 14.49998pt.
 We now make it that large for the rest of the document.
 This may cause the page layout to be inconsistent, however.

[26] <images/story2_reconstruction.png, id=145, 1124.2pt x 318.18875pt>
File: images/story2_reconstruction.png Graphic file (type png)

<use images/story2_reconstruction.png>
Package pdftex.def Info: images/story2_reconstruction.png used on input line 27.

(pdftex.def)             Requested size: 416.83289pt x 117.9756pt.

<images/story2_samples_300.png, id=146, 562.1pt x 562.1pt>
File: images/story2_samples_300.png Graphic file (type png)

<use images/story2_samples_300.png>
Package pdftex.def Info: images/story2_samples_300.png used on input line 35.
(pdftex.def)             Requested size: 333.46758pt x 333.46301pt.


LaTeX Warning: `!h' float specifier changed to `!ht'.


Overfull \hbox (28.24483pt too wide) in paragraph at lines 41--41
[][]\OT1/cmr/bx/n/17.28 Ex-tend-ing the walk-back pro-ce-dure to se-quenced
 []


Package Fancyhdr Warning: \headheight is too small (12.0pt): 
 Make it at least 14.49998pt.
 We now make it that large for the rest of the document.
 This may cause the page layout to be inconsistent, however.

[27<./images/story2_reconstruction.png>]
Overfull \hbox (30.70477pt too wide) in paragraph at lines 56--56
[][]\OT1/cmr/bx/n/17.28 RNN-GSN: Gen-er-al-iz-ing the EM train-ing model
 []


Package Fancyhdr Warning: \headheight is too small (12.0pt): 
 Make it at least 14.49998pt.
 We now make it that large for the rest of the document.
 This may cause the page layout to be inconsistent, however.

[28<./images/story2_samples_300.png>]

LaTeX Warning: `!h' float specifier changed to `!ht'.


Package Fancyhdr Warning: \headheight is too small (12.0pt): 
 Make it at least 14.49998pt.
 We now make it that large for the rest of the document.
 This may cause the page layout to be inconsistent, however.

[29] <images/story3_reconstruction.png, id=157, 1124.2pt x 281.05pt>
File: images/story3_reconstruction.png Graphic file (type png)

<use images/story3_reconstruction.png>
Package pdftex.def Info: images/story3_reconstruction.png used on input line 83.

(pdftex.def)             Requested size: 416.83289pt x 104.20557pt.

<images/story3_samples_170.png, id=158, 562.1pt x 562.1pt>
File: images/story3_samples_170.png Graphic file (type png)

<use images/story3_samples_170.png>
Package pdftex.def Info: images/story3_samples_170.png used on input line 89.
(pdftex.def)             Requested size: 333.46758pt x 333.46301pt.


LaTeX Warning: `!h' float specifier changed to `!ht'.

)

Package Fancyhdr Warning: \headheight is too small (12.0pt): 
 Make it at least 14.49998pt.
 We now make it that large for the rest of the document.
 This may cause the page layout to be inconsistent, however.

[30<./images/story3_reconstruction.png>]

Package Fancyhdr Warning: \headheight is too small (12.0pt): 
 Make it at least 14.49998pt.
 We now make it that large for the rest of the document.
 This may cause the page layout to be inconsistent, however.

[31<./images/story3_samples_170.png>]
Chapter 7.
(./chapters/model3.tex [32

])

Package Fancyhdr Warning: \headheight is too small (12.0pt): 
 Make it at least 14.49998pt.
 We now make it that large for the rest of the document.
 This may cause the page layout to be inconsistent, however.

[33]
Chapter 8.
(./chapters/discussion.tex
Overfull \hbox (27.4709pt too wide) in paragraph at lines 3--3
[][]\OT1/cmr/bx/n/17.28 Sam-ples from RNN-RBM on se-quenced MNIST 
 []

<images/rnnrbm_samples.png, id=172, 562.1pt x 562.1pt>
File: images/rnnrbm_samples.png Graphic file (type png)

<use images/rnnrbm_samples.png>
Package pdftex.def Info: images/rnnrbm_samples.png used on input line 9.
(pdftex.def)             Requested size: 333.46758pt x 333.46301pt.


LaTeX Warning: `!h' float specifier changed to `!ht'.

[34

]
Underfull \hbox (badness 10000) in alignment at lines 22--34
[][][][][]
 []

)

Package Fancyhdr Warning: \headheight is too small (12.0pt): 
 Make it at least 14.49998pt.
 We now make it that large for the rest of the document.
 This may cause the page layout to be inconsistent, however.

[35<./images/rnnrbm_samples.png>]
Chapter 9.
(./chapters/conclusion.tex) [36

] (./main.bbl

Package Fancyhdr Warning: \headheight is too small (12.0pt): 
 Make it at least 14.49998pt.
 We now make it that large for the rest of the document.
 This may cause the page layout to be inconsistent, however.

[37] [38

]

Package Fancyhdr Warning: \headheight is too small (12.0pt): 
 Make it at least 14.49998pt.
 We now make it that large for the rest of the document.
 This may cause the page layout to be inconsistent, however.

[39])

Package Fancyhdr Warning: \headheight is too small (12.0pt): 
 Make it at least 14.49998pt.
 We now make it that large for the rest of the document.
 This may cause the page layout to be inconsistent, however.

[40] (./main.aux))

Here is how much of LuaTeX's memory you used:
 5338 strings out of 494693
 100000,184870 words of node,token memory allocated
 529 words of node memory still in use:
   6 hlist, 2 vlist, 2 rule, 2 glue, 1 kern, 58 glue_spec, 1 write nodes
   avail lists: 1:1,2:21,3:220,4:837,5:200,6:3149,7:94,9:213,10:304
 8591 multiletter control sequences out of 65536+600000
 49 fonts using 1936327 bytes
 37i,14n,43p,1351b,416s stack positions out of 5000i,500n,10000p,200000b,100000s
<</usr/local/texlive/2015/texmf-dist/fonts/type1/public/amsfonts/cm/cmbx12.pfb><
</usr/local/texlive/2015/texmf-dist/fonts/type1/public/amsfonts/cm/cmex10.pfb><<
/usr/local/texlive/2015/texmf-dist/fonts/type1/public/amsfonts/cm/cmmi12.pfb><</
usr/local/texlive/2015/texmf-dist/fonts/type1/public/amsfonts/cm/cmmi6.pfb><</us
r/local/texlive/2015/texmf-dist/fonts/type1/public/amsfonts/cm/cmmi8.pfb><</usr/
local/texlive/2015/texmf-dist/fonts/type1/public/amsfonts/cm/cmr10.pfb><</usr/lo
cal/texlive/2015/texmf-dist/fonts/type1/public/amsfonts/cm/cmr12.pfb><</usr/loca
l/texlive/2015/texmf-dist/fonts/type1/public/amsfonts/cm/cmr17.pfb><</usr/local/
texlive/2015/texmf-dist/fonts/type1/public/amsfonts/cm/cmr6.pfb><</usr/local/tex
live/2015/texmf-dist/fonts/type1/public/amsfonts/cm/cmr7.pfb><</usr/local/texliv
e/2015/texmf-dist/fonts/type1/public/amsfonts/cm/cmr8.pfb><</usr/local/texlive/2
015/texmf-dist/fonts/type1/public/amsfonts/cm/cmsy10.pfb><</usr/local/texlive/20
15/texmf-dist/fonts/type1/public/amsfonts/cm/cmsy8.pfb><</usr/local/texlive/2015
/texmf-dist/fonts/type1/public/amsfonts/cm/cmti12.pfb>
Output written on main.pdf (49 pages, 1525187 bytes).

PDF statistics: 240 PDF objects out of 1000 (max. 8388607)
 147 compressed objects within 2 object streams
 0 named destinations out of 1000 (max. 131072)
 1 words of extra memory for PDF output out of 10000 (max. 10000000)

